<?xml version="1.0" encoding="UTF-8"?>
<!-- Generated by org.testng.reporters.JUnitXMLReporter -->
<testsuite ignored="0" hostname="Virajas-MBP.fios-router.home" failures="0" tests="2" name="Default test" time="16.217" errors="0" timestamp="2019-12-13T16:56:19 EST">
  <testcase classname="com.qa.testcases.LoginPageTest" name="validateLoginFunction" time="2.054"/>
  <testcase classname="com.qa.testcases.LoginPageTest" name="validateLoginPageTitle" time="0.606"/>
</testsuite> <!-- Default test -->
