<?xml version="1.0" encoding="UTF-8"?>
<!-- Generated by org.testng.reporters.JUnitXMLReporter -->
<testsuite ignored="0" hostname="Virajas-MBP.fios-router.home" failures="0" tests="4" name="AmazonAutomation" time="26.967" errors="0" timestamp="2019-12-13T16:59:37 EST">
  <testcase classname="com.qa.testcases.FirstTest" name="displayTitle" time="0.014"/>
  <testcase classname="com.qa.testcases.LoginPageTest" name="validateLoginFunction" time="2.297"/>
  <testcase classname="com.qa.testcases.LoginPageTest" name="validateLoginPageTitle" time="0.601"/>
  <testcase classname="com.qa.testcases.SecondTest" name="sampleTest" time="0.001"/>
</testsuite> <!-- AmazonAutomation -->
