<?xml version="1.0" encoding="UTF-8"?>
<!-- Generated by org.testng.reporters.JUnitXMLReporter -->
<testsuite ignored="0" hostname="Virajas-MBP.fios-router.home" failures="0" tests="4" name="Command line test" time="31.856" errors="0" timestamp="2019-12-13T17:02:13 EST">
  <testcase classname="com.qa.testcases.FirstTest" name="displayTitle" time="0.013"/>
  <testcase classname="com.qa.testcases.LoginPageTest" name="validateLoginFunction" time="1.825"/>
  <testcase classname="com.qa.testcases.LoginPageTest" name="validateLoginPageTitle" time="0.65"/>
  <testcase classname="com.qa.testcases.SecondTest" name="sampleTest" time="0.0"/>
</testsuite> <!-- Command line test -->
