<?xml version="1.0" encoding="UTF-8" ?>
<testsuite tests="4" failures="0" name="TestSuite" time="2.489" errors="0" skipped="0">
  <properties>
[...]
</properties>
  <testcase classname="com.qa.testcases.FirstTest" name="displayTitle" time="0.014"/>
  <testcase classname="com.qa.testcases.LoginPageTest" name="validateLoginFunction" time="1.825"/>
  <testcase classname="com.qa.testcases.LoginPageTest" name="validateLoginPageTitle" time="0.65"/>
  <testcase classname="com.qa.testcases.SecondTest" name="sampleTest" time="0"/>
</testsuite>