<?xml version="1.0" encoding="UTF-8"?>
<testng-results ignored="0" total="4" passed="4" failed="0" skipped="0">
  <reporter-output>
  </reporter-output>
  <suite started-at="2019-12-13T16:59:10 EST" name="Suite1" finished-at="2019-12-13T16:59:37 EST" duration-ms="26967">
    <groups>
    </groups>
    <test started-at="2019-12-13T16:59:10 EST" name="AmazonAutomation" finished-at="2019-12-13T16:59:37 EST" duration-ms="26967">
      <class name="com.qa.testcases.SecondTest">
        <test-method is-config="true" signature="launchBrowser()[pri:0, instance:com.qa.testcases.SecondTest@2fd6b6c7]" started-at="2019-12-13T16:59:31 EST" name="launchBrowser" finished-at="2019-12-13T16:59:34 EST" duration-ms="3233" status="PASS">
          <reporter-output>
          </reporter-output>
        </test-method> <!-- launchBrowser -->
        <test-method signature="sampleTest()[pri:0, instance:com.qa.testcases.SecondTest@2fd6b6c7]" started-at="2019-12-13T16:59:34 EST" name="sampleTest" finished-at="2019-12-13T16:59:34 EST" duration-ms="1" status="PASS">
          <reporter-output>
          </reporter-output>
        </test-method> <!-- sampleTest -->
        <test-method is-config="true" signature="tearDown()[pri:0, instance:com.qa.testcases.SecondTest@2fd6b6c7]" started-at="2019-12-13T16:59:34 EST" name="tearDown" finished-at="2019-12-13T16:59:37 EST" duration-ms="2756" status="PASS">
          <reporter-output>
          </reporter-output>
        </test-method> <!-- tearDown -->
      </class> <!-- com.qa.testcases.SecondTest -->
      <class name="com.qa.testcases.FirstTest">
        <test-method is-config="true" signature="launchBrowser()[pri:0, instance:com.qa.testcases.FirstTest@184cf7cf]" started-at="2019-12-13T16:59:10 EST" name="launchBrowser" finished-at="2019-12-13T16:59:15 EST" duration-ms="5317" status="PASS">
          <reporter-output>
          </reporter-output>
        </test-method> <!-- launchBrowser -->
        <test-method signature="displayTitle()[pri:0, instance:com.qa.testcases.FirstTest@184cf7cf]" started-at="2019-12-13T16:59:15 EST" name="displayTitle" finished-at="2019-12-13T16:59:15 EST" duration-ms="14" status="PASS">
          <reporter-output>
          </reporter-output>
        </test-method> <!-- displayTitle -->
        <test-method is-config="true" signature="tearDown()[pri:0, instance:com.qa.testcases.FirstTest@184cf7cf]" started-at="2019-12-13T16:59:37 EST" name="tearDown" finished-at="2019-12-13T16:59:37 EST" duration-ms="191" status="PASS">
          <reporter-output>
          </reporter-output>
        </test-method> <!-- tearDown -->
      </class> <!-- com.qa.testcases.FirstTest -->
      <class name="com.qa.testcases.LoginPageTest">
        <test-method is-config="true" signature="setUp()[pri:0, instance:com.qa.testcases.LoginPageTest@5bfa9431]" started-at="2019-12-13T16:59:15 EST" name="setUp" finished-at="2019-12-13T16:59:19 EST" duration-ms="3656" status="PASS">
          <reporter-output>
          </reporter-output>
        </test-method> <!-- setUp -->
        <test-method signature="validateLoginFunction()[pri:0, instance:com.qa.testcases.LoginPageTest@5bfa9431]" started-at="2019-12-13T16:59:19 EST" name="validateLoginFunction" finished-at="2019-12-13T16:59:21 EST" duration-ms="2297" status="PASS">
          <reporter-output>
          </reporter-output>
        </test-method> <!-- validateLoginFunction -->
        <test-method is-config="true" signature="tearDown()[pri:0, instance:com.qa.testcases.LoginPageTest@5bfa9431]" started-at="2019-12-13T16:59:21 EST" name="tearDown" finished-at="2019-12-13T16:59:25 EST" duration-ms="3824" status="PASS">
          <reporter-output>
          </reporter-output>
        </test-method> <!-- tearDown -->
        <test-method is-config="true" signature="setUp()[pri:0, instance:com.qa.testcases.LoginPageTest@5bfa9431]" started-at="2019-12-13T16:59:25 EST" name="setUp" finished-at="2019-12-13T16:59:28 EST" duration-ms="3257" status="PASS">
          <reporter-output>
          </reporter-output>
        </test-method> <!-- setUp -->
        <test-method signature="validateLoginPageTitle()[pri:0, instance:com.qa.testcases.LoginPageTest@5bfa9431]" started-at="2019-12-13T16:59:28 EST" name="validateLoginPageTitle" finished-at="2019-12-13T16:59:29 EST" duration-ms="601" status="PASS">
          <reporter-output>
          </reporter-output>
        </test-method> <!-- validateLoginPageTitle -->
        <test-method is-config="true" signature="tearDown()[pri:0, instance:com.qa.testcases.LoginPageTest@5bfa9431]" started-at="2019-12-13T16:59:29 EST" name="tearDown" finished-at="2019-12-13T16:59:31 EST" duration-ms="1777" status="PASS">
          <reporter-output>
          </reporter-output>
        </test-method> <!-- tearDown -->
      </class> <!-- com.qa.testcases.LoginPageTest -->
    </test> <!-- AmazonAutomation -->
  </suite> <!-- Suite1 -->
</testng-results>
